# JRE version: Java(TM) SE Runtime Environment (8.0_91-b15) (build 1.8.0_91-b15)
# Java VM: Java HotSpot(TM) 64-Bit Server VM (25.91-b15 mixed mode windows-amd64 compressed oops)
Heap:
 PSYoungGen      total 38400K, used 9511K [0x00000000d5b80000, 0x00000000d8600000, 0x0000000100000000)
  eden space 33280K, 13% used [0x00000000d5b80000,0x00000000d5fcd818,0x00000000d7c00000)
  from space 5120K, 99% used [0x00000000d7c00000,0x00000000d80fc408,0x00000000d8100000)
  to   space 5120K, 0% used [0x00000000d8100000,0x00000000d8100000,0x00000000d8600000)
 ParOldGen       total 50688K, used 12966K [0x0000000081200000, 0x0000000084380000, 0x00000000d5b80000)
  object space 50688K, 25% used [0x0000000081200000,0x0000000081ea9908,0x0000000084380000)
 Metaspace       used 23718K, capacity 25440K, committed 25472K, reserved 1071104K
  class space    used 3386K, capacity 3689K, committed 3712K, reserved 1048576K
GC Heap History (8 events):
Event: 2.617 GC heap before
{Heap before GC invocations=1 (full 0):
 PSYoungGen      total 38400K, used 33280K [0x00000000d5b80000, 0x00000000d8600000, 0x0000000100000000)
  eden space 33280K, 100% used [0x00000000d5b80000,0x00000000d7c00000,0x00000000d7c00000)
  from space 5120K, 0% used [0x00000000d8100000,0x00000000d8100000,0x00000000d8600000)
  to   space 5120K, 0% used [0x00000000d7c00000,0x00000000d7c00000,0x00000000d8100000)
 ParOldGen       total 87552K, used 0K [0x0000000081200000, 0x0000000086780000, 0x00000000d5b80000)
  object space 87552K, 0% used [0x0000000081200000,0x0000000081200000,0x0000000086780000)
 Metaspace       used 14828K, capacity 15534K, committed 15744K, reserved 1062912K
  class space    used 2147K, capacity 2338K, committed 2432K, reserved 1048576K
Event: 2.628 GC heap after
Heap after GC invocations=1 (full 0):
 PSYoungGen      total 38400K, used 4553K [0x00000000d5b80000, 0x00000000d8600000, 0x0000000100000000)
  eden space 33280K, 0% used [0x00000000d5b80000,0x00000000d5b80000,0x00000000d7c00000)
  from space 5120K, 88% used [0x00000000d7c00000,0x00000000d8072660,0x00000000d8100000)
  to   space 5120K, 0% used [0x00000000d8100000,0x00000000d8100000,0x00000000d8600000)
 ParOldGen       total 87552K, used 72K [0x0000000081200000, 0x0000000086780000, 0x00000000d5b80000)
  object space 87552K, 0% used [0x0000000081200000,0x0000000081212010,0x0000000086780000)
 Metaspace       used 14828K, capacity 15534K, committed 15744K, reserved 1062912K
  class space    used 2147K, capacity 2338K, committed 2432K, reserved 1048576K
}
Event: 20.153 GC heap before
{Heap before GC invocations=2 (full 0):
 PSYoungGen      total 38400K, used 26990K [0x00000000d5b80000, 0x00000000d8600000, 0x0000000100000000)
  eden space 33280K, 67% used [0x00000000d5b80000,0x00000000d71691f0,0x00000000d7c00000)
  from space 5120K, 88% used [0x00000000d7c00000,0x00000000d8072660,0x00000000d8100000)
  to   space 5120K, 0% used [0x00000000d8100000,0x00000000d8100000,0x00000000d8600000)
 ParOldGen       total 87552K, used 72K [0x0000000081200000, 0x0000000086780000, 0x00000000d5b80000)
  object space 87552K, 0% used [0x0000000081200000,0x0000000081212010,0x0000000086780000)
 Metaspace       used 19639K, capacity 21154K, committed 21296K, reserved 1067008K
  class space    used 2931K, capacity 3214K, committed 3328K, reserved 1048576K
Event: 20.164 GC heap after
Heap after GC invocations=2 (full 0):
 PSYoungGen      total 38400K, used 5089K [0x00000000d5b80000, 0x00000000d8600000, 0x0000000100000000)
  eden space 33280K, 0% used [0x00000000d5b80000,0x00000000d5b80000,0x00000000d7c00000)
  from space 5120K, 99% used [0x00000000d8100000,0x00000000d85f8698,0x00000000d8600000)
  to   space 5120K, 0% used [0x00000000d7c00000,0x00000000d7c00000,0x00000000d8100000)
 ParOldGen       total 87552K, used 5456K [0x0000000081200000, 0x0000000086780000, 0x00000000d5b80000)
  object space 87552K, 6% used [0x0000000081200000,0x00000000817543b0,0x0000000086780000)
 Metaspace       used 19639K, capacity 21154K, committed 21296K, reserved 1067008K
  class space    used 2931K, capacity 3214K, committed 3328K, reserved 1048576K
}
Event: 20.164 GC heap before
{Heap before GC invocations=3 (full 1):
 PSYoungGen      total 38400K, used 5089K [0x00000000d5b80000, 0x00000000d8600000, 0x0000000100000000)
  eden space 33280K, 0% used [0x00000000d5b80000,0x00000000d5b80000,0x00000000d7c00000)
  from space 5120K, 99% used [0x00000000d8100000,0x00000000d85f8698,0x00000000d8600000)
  to   space 5120K, 0% used [0x00000000d7c00000,0x00000000d7c00000,0x00000000d8100000)
 ParOldGen       total 87552K, used 5456K [0x0000000081200000, 0x0000000086780000, 0x00000000d5b80000)
  object space 87552K, 6% used [0x0000000081200000,0x00000000817543b0,0x0000000086780000)
 Metaspace       used 19639K, capacity 21154K, committed 21296K, reserved 1067008K
  class space    used 2931K, capacity 3214K, committed 3328K, reserved 1048576K
Event: 20.235 GC heap after
Heap after GC invocations=3 (full 1):
 PSYoungGen      total 38400K, used 0K [0x00000000d5b80000, 0x00000000d8600000, 0x0000000100000000)
  eden space 33280K, 0% used [0x00000000d5b80000,0x00000000d5b80000,0x00000000d7c00000)
  from space 5120K, 0% used [0x00000000d8100000,0x00000000d8100000,0x00000000d8600000)
  to   space 5120K, 0% used [0x00000000d7c00000,0x00000000d7c00000,0x00000000d8100000)
 ParOldGen       total 50688K, used 10354K [0x0000000081200000, 0x0000000084380000, 0x00000000d5b80000)
  object space 50688K, 20% used [0x0000000081200000,0x0000000081c1cbb8,0x0000000084380000)
 Metaspace       used 19639K, capacity 21154K, committed 21296K, reserved 1067008K
  class space    used 2931K, capacity 3214K, committed 3328K, reserved 1048576K
}
Event: 254.113 GC heap before
{Heap before GC invocations=4 (full 1):
 PSYoungGen      total 38400K, used 33280K [0x00000000d5b80000, 0x00000000d8600000, 0x0000000100000000)
  eden space 33280K, 100% used [0x00000000d5b80000,0x00000000d7c00000,0x00000000d7c00000)
  from space 5120K, 0% used [0x00000000d8100000,0x00000000d8100000,0x00000000d8600000)
  to   space 5120K, 0% used [0x00000000d7c00000,0x00000000d7c00000,0x00000000d8100000)
 ParOldGen       total 50688K, used 10354K [0x0000000081200000, 0x0000000084380000, 0x00000000d5b80000)
  object space 50688K, 20% used [0x0000000081200000,0x0000000081c1cbb8,0x0000000084380000)
 Metaspace       used 23706K, capacity 25440K, committed 25472K, reserved 1071104K
  class space    used 3386K, capacity 3689K, committed 3712K, reserved 1048576K
Event: 254.156 GC heap after
Heap after GC invocations=4 (full 1):
 PSYoungGen      total 38400K, used 5105K [0x00000000d5b80000, 0x00000000d8600000, 0x0000000100000000)
  eden space 33280K, 0% used [0x00000000d5b80000,0x00000000d5b80000,0x00000000d7c00000)
  from space 5120K, 99% used [0x00000000d7c00000,0x00000000d80fc408,0x00000000d8100000)
  to   space 5120K, 0% used [0x00000000d8100000,0x00000000d8100000,0x00000000d8600000)
 ParOldGen       total 50688K, used 12966K [0x0000000081200000, 0x0000000084380000, 0x00000000d5b80000)
  object space 50688K, 25% used [0x0000000081200000,0x0000000081ea9908,0x0000000084380000)
 Metaspace       used 23706K, capacity 25440K, committed 25472K, reserved 1071104K
  class space    used 3386K, capacity 3689K, committed 3712K, reserved 1048576K
}

